ISim log file
Running: E:\Usman\VLSI-CEP\MainModuleTest_isim_beh.exe -intstyle ise -gui -tclbatch isim.cmd -wdb E:/Usman/VLSI-CEP/MainModuleTest_isim_beh.wdb 
ISim P.20131013 (signature 0x7708f090)
This is a Full version of ISim.
Time resolution is 1 ps
# onerror resume
# wave add /
# run 1000 ns
Simulator is doing circuit initialization process.
Block Memory Generator CORE Generator module MainModuleTest.uut.bram.inst.\native_mem_module.blk_mem_gen_v7_3_inst  is using a behavioral model for simulation which will not precisely model memory collision behavior.
Finished circuit initialization process.
# run 1.00us
# run 1.00us
# run 1.00us
# run 1.00us
# run 1.00us
# run 1.00us
# run 1.00us
# run 1.00us
# run 1.00us
# run 1.00us
# run 1.00us
# run 1.00us
# run 1.00us
# run 1.00us
# run 1.00us
# run 1.00us
# run 1.00us
# run 1.00us
# run 1.00us
# run 1.00us
# run 1.00us
# run 1.00us
# run 1.00us
# run 1.00us
# run 1.00us
# run 1.00us
# run 1.00us
# run 1.00us
# run 1.00us
# run 1.00us
# run 1.00us
blk_mem_gen_v7_3 collision detected at time: 31315000, A write address: 4, B  read address: 2
blk_mem_gen_v7_3 collision detected at time: 31325000, A write address: c, B  read address: 4
blk_mem_gen_v7_3 collision detected at time: 31335000, A write address: 14, B  read address: 6
blk_mem_gen_v7_3 collision detected at time: 31345000, A write address: 1c, B  read address: 8
blk_mem_gen_v7_3 collision detected at time: 31355000, A write address: 24, B  read address: a
blk_mem_gen_v7_3 collision detected at time: 31365000, A write address: 2c, B  read address: c
blk_mem_gen_v7_3 collision detected at time: 31375000, A write address: 34, B  read address: e
blk_mem_gen_v7_3 collision detected at time: 31385000, A write address: 3c, B  read address: 10
blk_mem_gen_v7_3 collision detected at time: 31395000, A write address: 44, B  read address: 12
blk_mem_gen_v7_3 collision detected at time: 31405000, A write address: 4c, B  read address: 14
blk_mem_gen_v7_3 collision detected at time: 31415000, A write address: 54, B  read address: 16
blk_mem_gen_v7_3 collision detected at time: 31425000, A write address: 5c, B  read address: 18
blk_mem_gen_v7_3 collision detected at time: 31435000, A write address: 64, B  read address: 1a
blk_mem_gen_v7_3 collision detected at time: 31445000, A write address: 6c, B  read address: 1c
blk_mem_gen_v7_3 collision detected at time: 31455000, A write address: 74, B  read address: 1e
blk_mem_gen_v7_3 collision detected at time: 31465000, A write address: 7c, B  read address: 20
blk_mem_gen_v7_3 collision detected at time: 31475000, A write address: 84, B  read address: 22
blk_mem_gen_v7_3 collision detected at time: 31485000, A write address: 8c, B  read address: 24
blk_mem_gen_v7_3 collision detected at time: 31495000, A write address: 94, B  read address: 26
blk_mem_gen_v7_3 collision detected at time: 31505000, A write address: 9c, B  read address: 28
blk_mem_gen_v7_3 collision detected at time: 31515000, A write address: a4, B  read address: 2a
blk_mem_gen_v7_3 collision detected at time: 31525000, A write address: ac, B  read address: 2c
blk_mem_gen_v7_3 collision detected at time: 31535000, A write address: b4, B  read address: 2e
blk_mem_gen_v7_3 collision detected at time: 31545000, A write address: bc, B  read address: 30
blk_mem_gen_v7_3 collision detected at time: 31555000, A write address: c4, B  read address: 32
blk_mem_gen_v7_3 collision detected at time: 31565000, A write address: cc, B  read address: 34
blk_mem_gen_v7_3 collision detected at time: 31575000, A write address: d4, B  read address: 36
blk_mem_gen_v7_3 collision detected at time: 31585000, A write address: dc, B  read address: 38
blk_mem_gen_v7_3 collision detected at time: 31595000, A write address: e4, B  read address: 3a
blk_mem_gen_v7_3 collision detected at time: 31605000, A write address: ec, B  read address: 3c
blk_mem_gen_v7_3 collision detected at time: 31615000, A write address: f4, B  read address: 3e
blk_mem_gen_v7_3 collision detected at time: 31625000, A write address: fc, B  read address: 40
blk_mem_gen_v7_3 collision detected at time: 31635000, A write address: 104, B  read address: 42
blk_mem_gen_v7_3 collision detected at time: 31645000, A write address: 10c, B  read address: 44
blk_mem_gen_v7_3 collision detected at time: 31655000, A write address: 114, B  read address: 46
blk_mem_gen_v7_3 collision detected at time: 31665000, A write address: 11c, B  read address: 48
blk_mem_gen_v7_3 collision detected at time: 31675000, A write address: 124, B  read address: 4a
blk_mem_gen_v7_3 collision detected at time: 31685000, A write address: 12c, B  read address: 4c
blk_mem_gen_v7_3 collision detected at time: 31695000, A write address: 134, B  read address: 4e
blk_mem_gen_v7_3 collision detected at time: 31705000, A write address: 13c, B  read address: 50
blk_mem_gen_v7_3 collision detected at time: 31715000, A write address: 144, B  read address: 52
blk_mem_gen_v7_3 collision detected at time: 31725000, A write address: 14c, B  read address: 54
blk_mem_gen_v7_3 collision detected at time: 31735000, A write address: 154, B  read address: 56
blk_mem_gen_v7_3 collision detected at time: 31745000, A write address: 15c, B  read address: 58
blk_mem_gen_v7_3 collision detected at time: 31755000, A write address: 164, B  read address: 5a
blk_mem_gen_v7_3 collision detected at time: 31765000, A write address: 16c, B  read address: 5c
blk_mem_gen_v7_3 collision detected at time: 31775000, A write address: 174, B  read address: 5e
blk_mem_gen_v7_3 collision detected at time: 31785000, A write address: 17c, B  read address: 60
blk_mem_gen_v7_3 collision detected at time: 31795000, A write address: 184, B  read address: 62
blk_mem_gen_v7_3 collision detected at time: 31805000, A write address: 18c, B  read address: 64
blk_mem_gen_v7_3 collision detected at time: 31815000, A write address: 194, B  read address: 66
blk_mem_gen_v7_3 collision detected at time: 31825000, A write address: 19c, B  read address: 68
blk_mem_gen_v7_3 collision detected at time: 31835000, A write address: 1a4, B  read address: 6a
blk_mem_gen_v7_3 collision detected at time: 31845000, A write address: 1ac, B  read address: 6c
blk_mem_gen_v7_3 collision detected at time: 31855000, A write address: 1b4, B  read address: 6e
blk_mem_gen_v7_3 collision detected at time: 31865000, A write address: 1bc, B  read address: 70
blk_mem_gen_v7_3 collision detected at time: 31875000, A write address: 1c4, B  read address: 72
blk_mem_gen_v7_3 collision detected at time: 31885000, A write address: 1cc, B  read address: 74
blk_mem_gen_v7_3 collision detected at time: 31895000, A write address: 1d4, B  read address: 76
blk_mem_gen_v7_3 collision detected at time: 31905000, A write address: 1dc, B  read address: 78
blk_mem_gen_v7_3 collision detected at time: 31915000, A write address: 1e4, B  read address: 7a
blk_mem_gen_v7_3 collision detected at time: 31925000, A write address: 1ec, B  read address: 7c
blk_mem_gen_v7_3 collision detected at time: 31935000, A write address: 1f4, B  read address: 7e
blk_mem_gen_v7_3 collision detected at time: 31945000, A write address: 1fc, B  read address: 80
blk_mem_gen_v7_3 collision detected at time: 31955000, A write address: 204, B  read address: 82
blk_mem_gen_v7_3 collision detected at time: 31965000, A write address: 20c, B  read address: 84
blk_mem_gen_v7_3 collision detected at time: 31975000, A write address: 214, B  read address: 86
blk_mem_gen_v7_3 collision detected at time: 31985000, A write address: 21c, B  read address: 88
blk_mem_gen_v7_3 collision detected at time: 31995000, A write address: 224, B  read address: 8a
# run 1.00us
blk_mem_gen_v7_3 collision detected at time: 32005000, A write address: 22c, B  read address: 8c
blk_mem_gen_v7_3 collision detected at time: 32015000, A write address: 234, B  read address: 8e
blk_mem_gen_v7_3 collision detected at time: 32025000, A write address: 23c, B  read address: 90
blk_mem_gen_v7_3 collision detected at time: 32035000, A write address: 244, B  read address: 92
blk_mem_gen_v7_3 collision detected at time: 32045000, A write address: 24c, B  read address: 94
blk_mem_gen_v7_3 collision detected at time: 32055000, A write address: 254, B  read address: 96
blk_mem_gen_v7_3 collision detected at time: 32065000, A write address: 25c, B  read address: 98
blk_mem_gen_v7_3 collision detected at time: 32075000, A write address: 264, B  read address: 9a
blk_mem_gen_v7_3 collision detected at time: 32085000, A write address: 26c, B  read address: 9c
blk_mem_gen_v7_3 collision detected at time: 32095000, A write address: 274, B  read address: 9e
blk_mem_gen_v7_3 collision detected at time: 32105000, A write address: 27c, B  read address: a0
blk_mem_gen_v7_3 collision detected at time: 32115000, A write address: 284, B  read address: a2
blk_mem_gen_v7_3 collision detected at time: 32125000, A write address: 28c, B  read address: a4
blk_mem_gen_v7_3 collision detected at time: 32135000, A write address: 294, B  read address: a6
blk_mem_gen_v7_3 collision detected at time: 32145000, A write address: 29c, B  read address: a8
blk_mem_gen_v7_3 collision detected at time: 32155000, A write address: 2a4, B  read address: aa
blk_mem_gen_v7_3 collision detected at time: 32165000, A write address: 2ac, B  read address: ac
blk_mem_gen_v7_3 collision detected at time: 32175000, A write address: 2b4, B  read address: ae
blk_mem_gen_v7_3 collision detected at time: 32185000, A write address: 2bc, B  read address: b0
blk_mem_gen_v7_3 collision detected at time: 32195000, A write address: 2c4, B  read address: b2
blk_mem_gen_v7_3 collision detected at time: 32205000, A write address: 2cc, B  read address: b4
blk_mem_gen_v7_3 collision detected at time: 32215000, A write address: 2d4, B  read address: b6
blk_mem_gen_v7_3 collision detected at time: 32225000, A write address: 2dc, B  read address: b8
blk_mem_gen_v7_3 collision detected at time: 32235000, A write address: 2e4, B  read address: ba
blk_mem_gen_v7_3 collision detected at time: 32245000, A write address: 2ec, B  read address: bc
blk_mem_gen_v7_3 collision detected at time: 32255000, A write address: 2f4, B  read address: be
blk_mem_gen_v7_3 collision detected at time: 32265000, A write address: 2fc, B  read address: c0
blk_mem_gen_v7_3 collision detected at time: 32275000, A write address: 304, B  read address: c2
blk_mem_gen_v7_3 collision detected at time: 32285000, A write address: 30c, B  read address: c4
blk_mem_gen_v7_3 collision detected at time: 32295000, A write address: 314, B  read address: c6
blk_mem_gen_v7_3 collision detected at time: 32305000, A write address: 31c, B  read address: c8
blk_mem_gen_v7_3 collision detected at time: 32315000, A write address: 324, B  read address: ca
blk_mem_gen_v7_3 collision detected at time: 32325000, A write address: 32c, B  read address: cc
blk_mem_gen_v7_3 collision detected at time: 32335000, A write address: 334, B  read address: ce
blk_mem_gen_v7_3 collision detected at time: 32345000, A write address: 33c, B  read address: d0
blk_mem_gen_v7_3 collision detected at time: 32355000, A write address: 344, B  read address: d2
blk_mem_gen_v7_3 collision detected at time: 32365000, A write address: 34c, B  read address: d4
blk_mem_gen_v7_3 collision detected at time: 32375000, A write address: 354, B  read address: d6
blk_mem_gen_v7_3 collision detected at time: 32385000, A write address: 35c, B  read address: d8
blk_mem_gen_v7_3 collision detected at time: 32395000, A write address: 364, B  read address: da
blk_mem_gen_v7_3 collision detected at time: 32405000, A write address: 36c, B  read address: dc
blk_mem_gen_v7_3 collision detected at time: 32415000, A write address: 374, B  read address: de
blk_mem_gen_v7_3 collision detected at time: 32425000, A write address: 37c, B  read address: e0
blk_mem_gen_v7_3 collision detected at time: 32435000, A write address: 384, B  read address: e2
blk_mem_gen_v7_3 collision detected at time: 32445000, A write address: 38c, B  read address: e4
blk_mem_gen_v7_3 collision detected at time: 32455000, A write address: 394, B  read address: e6
blk_mem_gen_v7_3 collision detected at time: 32465000, A write address: 39c, B  read address: e8
blk_mem_gen_v7_3 collision detected at time: 32475000, A write address: 3a4, B  read address: ea
blk_mem_gen_v7_3 collision detected at time: 32485000, A write address: 3ac, B  read address: ec
blk_mem_gen_v7_3 collision detected at time: 32495000, A write address: 3b4, B  read address: ee
blk_mem_gen_v7_3 collision detected at time: 32505000, A write address: 3bc, B  read address: f0
blk_mem_gen_v7_3 collision detected at time: 32515000, A write address: 3c4, B  read address: f2
blk_mem_gen_v7_3 collision detected at time: 32525000, A write address: 3cc, B  read address: f4
blk_mem_gen_v7_3 collision detected at time: 32535000, A write address: 3d4, B  read address: f6
blk_mem_gen_v7_3 collision detected at time: 32545000, A write address: 3dc, B  read address: f8
blk_mem_gen_v7_3 collision detected at time: 32555000, A write address: 3e4, B  read address: fa
blk_mem_gen_v7_3 collision detected at time: 32565000, A write address: 3ec, B  read address: fc
blk_mem_gen_v7_3 collision detected at time: 32575000, A write address: 3f4, B  read address: fe
blk_mem_gen_v7_3 collision detected at time: 32585000, A write address: 3fc, B  read address: 100
blk_mem_gen_v7_3 collision detected at time: 32595000, A write address: 404, B  read address: 102
blk_mem_gen_v7_3 collision detected at time: 32605000, A write address: 40c, B  read address: 104
blk_mem_gen_v7_3 collision detected at time: 32615000, A write address: 414, B  read address: 106
blk_mem_gen_v7_3 collision detected at time: 32625000, A write address: 41c, B  read address: 108
blk_mem_gen_v7_3 collision detected at time: 32635000, A write address: 424, B  read address: 10a
blk_mem_gen_v7_3 collision detected at time: 32645000, A write address: 42c, B  read address: 10c
blk_mem_gen_v7_3 collision detected at time: 32655000, A write address: 434, B  read address: 10e
blk_mem_gen_v7_3 collision detected at time: 32665000, A write address: 43c, B  read address: 110
blk_mem_gen_v7_3 collision detected at time: 32675000, A write address: 444, B  read address: 112
blk_mem_gen_v7_3 collision detected at time: 32685000, A write address: 44c, B  read address: 114
blk_mem_gen_v7_3 collision detected at time: 32695000, A write address: 454, B  read address: 116
blk_mem_gen_v7_3 collision detected at time: 32705000, A write address: 45c, B  read address: 118
blk_mem_gen_v7_3 collision detected at time: 32715000, A write address: 464, B  read address: 11a
blk_mem_gen_v7_3 collision detected at time: 32725000, A write address: 46c, B  read address: 11c
blk_mem_gen_v7_3 collision detected at time: 32735000, A write address: 474, B  read address: 11e
blk_mem_gen_v7_3 collision detected at time: 32745000, A write address: 47c, B  read address: 120
blk_mem_gen_v7_3 collision detected at time: 32755000, A write address: 484, B  read address: 122
blk_mem_gen_v7_3 collision detected at time: 32765000, A write address: 48c, B  read address: 124
blk_mem_gen_v7_3 collision detected at time: 32775000, A write address: 494, B  read address: 126
blk_mem_gen_v7_3 collision detected at time: 32785000, A write address: 49c, B  read address: 128
blk_mem_gen_v7_3 collision detected at time: 32795000, A write address: 4a4, B  read address: 12a
blk_mem_gen_v7_3 collision detected at time: 32805000, A write address: 4ac, B  read address: 12c
blk_mem_gen_v7_3 collision detected at time: 32815000, A write address: 4b4, B  read address: 12e
blk_mem_gen_v7_3 collision detected at time: 32825000, A write address: 4bc, B  read address: 130
blk_mem_gen_v7_3 collision detected at time: 32835000, A write address: 4c4, B  read address: 132
blk_mem_gen_v7_3 collision detected at time: 32845000, A write address: 4cc, B  read address: 134
blk_mem_gen_v7_3 collision detected at time: 32855000, A write address: 4d4, B  read address: 136
blk_mem_gen_v7_3 collision detected at time: 32865000, A write address: 4dc, B  read address: 138
blk_mem_gen_v7_3 collision detected at time: 32875000, A write address: 4e4, B  read address: 13a
blk_mem_gen_v7_3 collision detected at time: 32885000, A write address: 4ec, B  read address: 13c
blk_mem_gen_v7_3 collision detected at time: 32895000, A write address: 4f4, B  read address: 13e
blk_mem_gen_v7_3 collision detected at time: 32905000, A write address: 4fc, B  read address: 140
blk_mem_gen_v7_3 collision detected at time: 32915000, A write address: 504, B  read address: 142
blk_mem_gen_v7_3 collision detected at time: 32925000, A write address: 50c, B  read address: 144
blk_mem_gen_v7_3 collision detected at time: 32935000, A write address: 514, B  read address: 146
blk_mem_gen_v7_3 collision detected at time: 32945000, A write address: 51c, B  read address: 148
blk_mem_gen_v7_3 collision detected at time: 32955000, A write address: 524, B  read address: 14a
blk_mem_gen_v7_3 collision detected at time: 32965000, A write address: 52c, B  read address: 14c
blk_mem_gen_v7_3 collision detected at time: 32975000, A write address: 534, B  read address: 14e
blk_mem_gen_v7_3 collision detected at time: 32985000, A write address: 53c, B  read address: 150
blk_mem_gen_v7_3 collision detected at time: 32995000, A write address: 544, B  read address: 152
# run 1.00us
blk_mem_gen_v7_3 collision detected at time: 33005000, A write address: 54c, B  read address: 154
blk_mem_gen_v7_3 collision detected at time: 33015000, A write address: 554, B  read address: 156
blk_mem_gen_v7_3 collision detected at time: 33025000, A write address: 55c, B  read address: 158
blk_mem_gen_v7_3 collision detected at time: 33035000, A write address: 564, B  read address: 15a
blk_mem_gen_v7_3 collision detected at time: 33045000, A write address: 56c, B  read address: 15c
blk_mem_gen_v7_3 collision detected at time: 33055000, A write address: 574, B  read address: 15e
blk_mem_gen_v7_3 collision detected at time: 33065000, A write address: 57c, B  read address: 160
blk_mem_gen_v7_3 collision detected at time: 33075000, A write address: 584, B  read address: 162
blk_mem_gen_v7_3 collision detected at time: 33085000, A write address: 58c, B  read address: 164
blk_mem_gen_v7_3 collision detected at time: 33095000, A write address: 594, B  read address: 166
blk_mem_gen_v7_3 collision detected at time: 33105000, A write address: 59c, B  read address: 168
blk_mem_gen_v7_3 collision detected at time: 33115000, A write address: 5a4, B  read address: 16a
blk_mem_gen_v7_3 collision detected at time: 33125000, A write address: 5ac, B  read address: 16c
blk_mem_gen_v7_3 collision detected at time: 33135000, A write address: 5b4, B  read address: 16e
blk_mem_gen_v7_3 collision detected at time: 33145000, A write address: 5bc, B  read address: 170
blk_mem_gen_v7_3 collision detected at time: 33155000, A write address: 5c4, B  read address: 172
blk_mem_gen_v7_3 collision detected at time: 33165000, A write address: 5cc, B  read address: 174
blk_mem_gen_v7_3 collision detected at time: 33175000, A write address: 5d4, B  read address: 176
blk_mem_gen_v7_3 collision detected at time: 33185000, A write address: 5dc, B  read address: 178
blk_mem_gen_v7_3 collision detected at time: 33195000, A write address: 5e4, B  read address: 17a
blk_mem_gen_v7_3 collision detected at time: 33205000, A write address: 5ec, B  read address: 17c
blk_mem_gen_v7_3 collision detected at time: 33215000, A write address: 5f4, B  read address: 17e
blk_mem_gen_v7_3 collision detected at time: 33225000, A write address: 5fc, B  read address: 180
blk_mem_gen_v7_3 collision detected at time: 33235000, A write address: 604, B  read address: 182
blk_mem_gen_v7_3 collision detected at time: 33245000, A write address: 60c, B  read address: 184
blk_mem_gen_v7_3 collision detected at time: 33255000, A write address: 614, B  read address: 186
blk_mem_gen_v7_3 collision detected at time: 33265000, A write address: 61c, B  read address: 188
blk_mem_gen_v7_3 collision detected at time: 33275000, A write address: 624, B  read address: 18a
blk_mem_gen_v7_3 collision detected at time: 33285000, A write address: 62c, B  read address: 18c
blk_mem_gen_v7_3 collision detected at time: 33295000, A write address: 634, B  read address: 18e
blk_mem_gen_v7_3 collision detected at time: 33305000, A write address: 63c, B  read address: 190
blk_mem_gen_v7_3 collision detected at time: 33315000, A write address: 644, B  read address: 192
blk_mem_gen_v7_3 collision detected at time: 33325000, A write address: 64c, B  read address: 194
blk_mem_gen_v7_3 collision detected at time: 33335000, A write address: 654, B  read address: 196
blk_mem_gen_v7_3 collision detected at time: 33345000, A write address: 65c, B  read address: 198
blk_mem_gen_v7_3 collision detected at time: 33355000, A write address: 664, B  read address: 19a
blk_mem_gen_v7_3 collision detected at time: 33365000, A write address: 66c, B  read address: 19c
blk_mem_gen_v7_3 collision detected at time: 33375000, A write address: 674, B  read address: 19e
blk_mem_gen_v7_3 collision detected at time: 33385000, A write address: 67c, B  read address: 1a0
blk_mem_gen_v7_3 collision detected at time: 33395000, A write address: 684, B  read address: 1a2
blk_mem_gen_v7_3 collision detected at time: 33405000, A write address: 68c, B  read address: 1a4
blk_mem_gen_v7_3 collision detected at time: 33415000, A write address: 694, B  read address: 1a6
blk_mem_gen_v7_3 collision detected at time: 33425000, A write address: 69c, B  read address: 1a8
blk_mem_gen_v7_3 collision detected at time: 33435000, A write address: 6a4, B  read address: 1aa
blk_mem_gen_v7_3 collision detected at time: 33445000, A write address: 6ac, B  read address: 1ac
blk_mem_gen_v7_3 collision detected at time: 33455000, A write address: 6b4, B  read address: 1ae
blk_mem_gen_v7_3 collision detected at time: 33465000, A write address: 6bc, B  read address: 1b0
blk_mem_gen_v7_3 collision detected at time: 33475000, A write address: 6c4, B  read address: 1b2
blk_mem_gen_v7_3 collision detected at time: 33485000, A write address: 6cc, B  read address: 1b4
blk_mem_gen_v7_3 collision detected at time: 33495000, A write address: 6d4, B  read address: 1b6
blk_mem_gen_v7_3 collision detected at time: 33505000, A write address: 6dc, B  read address: 1b8
blk_mem_gen_v7_3 collision detected at time: 33515000, A write address: 6e4, B  read address: 1ba
blk_mem_gen_v7_3 collision detected at time: 33525000, A write address: 6ec, B  read address: 1bc
blk_mem_gen_v7_3 collision detected at time: 33535000, A write address: 6f4, B  read address: 1be
blk_mem_gen_v7_3 collision detected at time: 33545000, A write address: 6fc, B  read address: 1c0
blk_mem_gen_v7_3 collision detected at time: 33555000, A write address: 704, B  read address: 1c2
blk_mem_gen_v7_3 collision detected at time: 33565000, A write address: 70c, B  read address: 1c4
blk_mem_gen_v7_3 collision detected at time: 33575000, A write address: 714, B  read address: 1c6
blk_mem_gen_v7_3 collision detected at time: 33585000, A write address: 71c, B  read address: 1c8
blk_mem_gen_v7_3 collision detected at time: 33595000, A write address: 724, B  read address: 1ca
blk_mem_gen_v7_3 collision detected at time: 33605000, A write address: 72c, B  read address: 1cc
blk_mem_gen_v7_3 collision detected at time: 33615000, A write address: 734, B  read address: 1ce
blk_mem_gen_v7_3 collision detected at time: 33625000, A write address: 73c, B  read address: 1d0
blk_mem_gen_v7_3 collision detected at time: 33635000, A write address: 744, B  read address: 1d2
blk_mem_gen_v7_3 collision detected at time: 33645000, A write address: 74c, B  read address: 1d4
blk_mem_gen_v7_3 collision detected at time: 33655000, A write address: 754, B  read address: 1d6
blk_mem_gen_v7_3 collision detected at time: 33665000, A write address: 75c, B  read address: 1d8
blk_mem_gen_v7_3 collision detected at time: 33675000, A write address: 764, B  read address: 1da
blk_mem_gen_v7_3 collision detected at time: 33685000, A write address: 76c, B  read address: 1dc
blk_mem_gen_v7_3 collision detected at time: 33695000, A write address: 774, B  read address: 1de
blk_mem_gen_v7_3 collision detected at time: 33705000, A write address: 77c, B  read address: 1e0
blk_mem_gen_v7_3 collision detected at time: 33715000, A write address: 784, B  read address: 1e2
blk_mem_gen_v7_3 collision detected at time: 33725000, A write address: 78c, B  read address: 1e4
blk_mem_gen_v7_3 collision detected at time: 33735000, A write address: 794, B  read address: 1e6
blk_mem_gen_v7_3 collision detected at time: 33745000, A write address: 79c, B  read address: 1e8
blk_mem_gen_v7_3 collision detected at time: 33755000, A write address: 7a4, B  read address: 1ea
blk_mem_gen_v7_3 collision detected at time: 33765000, A write address: 7ac, B  read address: 1ec
blk_mem_gen_v7_3 collision detected at time: 33775000, A write address: 7b4, B  read address: 1ee
blk_mem_gen_v7_3 collision detected at time: 33785000, A write address: 7bc, B  read address: 1f0
blk_mem_gen_v7_3 collision detected at time: 33795000, A write address: 7c4, B  read address: 1f2
blk_mem_gen_v7_3 collision detected at time: 33805000, A write address: 7cc, B  read address: 1f4
blk_mem_gen_v7_3 collision detected at time: 33815000, A write address: 7d4, B  read address: 1f6
blk_mem_gen_v7_3 collision detected at time: 33825000, A write address: 7dc, B  read address: 1f8
blk_mem_gen_v7_3 collision detected at time: 33835000, A write address: 7e4, B  read address: 1fa
blk_mem_gen_v7_3 collision detected at time: 33845000, A write address: 7ec, B  read address: 1fc
blk_mem_gen_v7_3 collision detected at time: 33855000, A write address: 7f4, B  read address: 1fe
blk_mem_gen_v7_3 collision detected at time: 33865000, A write address: 7fc, B  read address: 0
blk_mem_gen_v7_3 collision detected at time: 33875000, A write address: 5, B  read address: 2
blk_mem_gen_v7_3 collision detected at time: 33885000, A write address: d, B  read address: 4
blk_mem_gen_v7_3 collision detected at time: 33895000, A write address: 15, B  read address: 6
blk_mem_gen_v7_3 collision detected at time: 33905000, A write address: 1d, B  read address: 8
blk_mem_gen_v7_3 collision detected at time: 33915000, A write address: 25, B  read address: a
blk_mem_gen_v7_3 collision detected at time: 33925000, A write address: 2d, B  read address: c
blk_mem_gen_v7_3 collision detected at time: 33935000, A write address: 35, B  read address: e
blk_mem_gen_v7_3 collision detected at time: 33945000, A write address: 3d, B  read address: 10
blk_mem_gen_v7_3 collision detected at time: 33955000, A write address: 45, B  read address: 12
blk_mem_gen_v7_3 collision detected at time: 33965000, A write address: 4d, B  read address: 14
blk_mem_gen_v7_3 collision detected at time: 33975000, A write address: 55, B  read address: 16
blk_mem_gen_v7_3 collision detected at time: 33985000, A write address: 5d, B  read address: 18
blk_mem_gen_v7_3 collision detected at time: 33995000, A write address: 65, B  read address: 1a
# run 1.00us
blk_mem_gen_v7_3 collision detected at time: 34005000, A write address: 6d, B  read address: 1c
blk_mem_gen_v7_3 collision detected at time: 34015000, A write address: 75, B  read address: 1e
blk_mem_gen_v7_3 collision detected at time: 34025000, A write address: 7d, B  read address: 20
blk_mem_gen_v7_3 collision detected at time: 34035000, A write address: 85, B  read address: 22
blk_mem_gen_v7_3 collision detected at time: 34045000, A write address: 8d, B  read address: 24
blk_mem_gen_v7_3 collision detected at time: 34055000, A write address: 95, B  read address: 26
blk_mem_gen_v7_3 collision detected at time: 34065000, A write address: 9d, B  read address: 28
blk_mem_gen_v7_3 collision detected at time: 34075000, A write address: a5, B  read address: 2a
blk_mem_gen_v7_3 collision detected at time: 34085000, A write address: ad, B  read address: 2c
blk_mem_gen_v7_3 collision detected at time: 34095000, A write address: b5, B  read address: 2e
blk_mem_gen_v7_3 collision detected at time: 34105000, A write address: bd, B  read address: 30
blk_mem_gen_v7_3 collision detected at time: 34115000, A write address: c5, B  read address: 32
blk_mem_gen_v7_3 collision detected at time: 34125000, A write address: cd, B  read address: 34
blk_mem_gen_v7_3 collision detected at time: 34135000, A write address: d5, B  read address: 36
blk_mem_gen_v7_3 collision detected at time: 34145000, A write address: dd, B  read address: 38
blk_mem_gen_v7_3 collision detected at time: 34155000, A write address: e5, B  read address: 3a
blk_mem_gen_v7_3 collision detected at time: 34165000, A write address: ed, B  read address: 3c
blk_mem_gen_v7_3 collision detected at time: 34175000, A write address: f5, B  read address: 3e
blk_mem_gen_v7_3 collision detected at time: 34185000, A write address: fd, B  read address: 40
blk_mem_gen_v7_3 collision detected at time: 34195000, A write address: 105, B  read address: 42
blk_mem_gen_v7_3 collision detected at time: 34205000, A write address: 10d, B  read address: 44
blk_mem_gen_v7_3 collision detected at time: 34215000, A write address: 115, B  read address: 46
blk_mem_gen_v7_3 collision detected at time: 34225000, A write address: 11d, B  read address: 48
blk_mem_gen_v7_3 collision detected at time: 34235000, A write address: 125, B  read address: 4a
blk_mem_gen_v7_3 collision detected at time: 34245000, A write address: 12d, B  read address: 4c
blk_mem_gen_v7_3 collision detected at time: 34255000, A write address: 135, B  read address: 4e
blk_mem_gen_v7_3 collision detected at time: 34265000, A write address: 13d, B  read address: 50
blk_mem_gen_v7_3 collision detected at time: 34275000, A write address: 145, B  read address: 52
blk_mem_gen_v7_3 collision detected at time: 34285000, A write address: 14d, B  read address: 54
blk_mem_gen_v7_3 collision detected at time: 34295000, A write address: 155, B  read address: 56
blk_mem_gen_v7_3 collision detected at time: 34305000, A write address: 15d, B  read address: 58
blk_mem_gen_v7_3 collision detected at time: 34315000, A write address: 165, B  read address: 5a
blk_mem_gen_v7_3 collision detected at time: 34325000, A write address: 16d, B  read address: 5c
blk_mem_gen_v7_3 collision detected at time: 34335000, A write address: 175, B  read address: 5e
blk_mem_gen_v7_3 collision detected at time: 34345000, A write address: 17d, B  read address: 60
blk_mem_gen_v7_3 collision detected at time: 34355000, A write address: 185, B  read address: 62
blk_mem_gen_v7_3 collision detected at time: 34365000, A write address: 18d, B  read address: 64
blk_mem_gen_v7_3 collision detected at time: 34375000, A write address: 195, B  read address: 66
blk_mem_gen_v7_3 collision detected at time: 34385000, A write address: 19d, B  read address: 68
blk_mem_gen_v7_3 collision detected at time: 34395000, A write address: 1a5, B  read address: 6a
blk_mem_gen_v7_3 collision detected at time: 34405000, A write address: 1ad, B  read address: 6c
blk_mem_gen_v7_3 collision detected at time: 34415000, A write address: 1b5, B  read address: 6e
blk_mem_gen_v7_3 collision detected at time: 34425000, A write address: 1bd, B  read address: 70
blk_mem_gen_v7_3 collision detected at time: 34435000, A write address: 1c5, B  read address: 72
blk_mem_gen_v7_3 collision detected at time: 34445000, A write address: 1cd, B  read address: 74
blk_mem_gen_v7_3 collision detected at time: 34455000, A write address: 1d5, B  read address: 76
blk_mem_gen_v7_3 collision detected at time: 34465000, A write address: 1dd, B  read address: 78
blk_mem_gen_v7_3 collision detected at time: 34475000, A write address: 1e5, B  read address: 7a
blk_mem_gen_v7_3 collision detected at time: 34485000, A write address: 1ed, B  read address: 7c
blk_mem_gen_v7_3 collision detected at time: 34495000, A write address: 1f5, B  read address: 7e
blk_mem_gen_v7_3 collision detected at time: 34505000, A write address: 1fd, B  read address: 80
blk_mem_gen_v7_3 collision detected at time: 34515000, A write address: 205, B  read address: 82
blk_mem_gen_v7_3 collision detected at time: 34525000, A write address: 20d, B  read address: 84
blk_mem_gen_v7_3 collision detected at time: 34535000, A write address: 215, B  read address: 86
blk_mem_gen_v7_3 collision detected at time: 34545000, A write address: 21d, B  read address: 88
blk_mem_gen_v7_3 collision detected at time: 34555000, A write address: 225, B  read address: 8a
blk_mem_gen_v7_3 collision detected at time: 34565000, A write address: 22d, B  read address: 8c
blk_mem_gen_v7_3 collision detected at time: 34575000, A write address: 235, B  read address: 8e
blk_mem_gen_v7_3 collision detected at time: 34585000, A write address: 23d, B  read address: 90
blk_mem_gen_v7_3 collision detected at time: 34595000, A write address: 245, B  read address: 92
blk_mem_gen_v7_3 collision detected at time: 34605000, A write address: 24d, B  read address: 94
blk_mem_gen_v7_3 collision detected at time: 34615000, A write address: 255, B  read address: 96
blk_mem_gen_v7_3 collision detected at time: 34625000, A write address: 25d, B  read address: 98
blk_mem_gen_v7_3 collision detected at time: 34635000, A write address: 265, B  read address: 9a
blk_mem_gen_v7_3 collision detected at time: 34645000, A write address: 26d, B  read address: 9c
blk_mem_gen_v7_3 collision detected at time: 34655000, A write address: 275, B  read address: 9e
blk_mem_gen_v7_3 collision detected at time: 34665000, A write address: 27d, B  read address: a0
blk_mem_gen_v7_3 collision detected at time: 34675000, A write address: 285, B  read address: a2
blk_mem_gen_v7_3 collision detected at time: 34685000, A write address: 28d, B  read address: a4
blk_mem_gen_v7_3 collision detected at time: 34695000, A write address: 295, B  read address: a6
blk_mem_gen_v7_3 collision detected at time: 34705000, A write address: 29d, B  read address: a8
blk_mem_gen_v7_3 collision detected at time: 34715000, A write address: 2a5, B  read address: aa
blk_mem_gen_v7_3 collision detected at time: 34725000, A write address: 2ad, B  read address: ac
blk_mem_gen_v7_3 collision detected at time: 34735000, A write address: 2b5, B  read address: ae
blk_mem_gen_v7_3 collision detected at time: 34745000, A write address: 2bd, B  read address: b0
blk_mem_gen_v7_3 collision detected at time: 34755000, A write address: 2c5, B  read address: b2
blk_mem_gen_v7_3 collision detected at time: 34765000, A write address: 2cd, B  read address: b4
blk_mem_gen_v7_3 collision detected at time: 34775000, A write address: 2d5, B  read address: b6
blk_mem_gen_v7_3 collision detected at time: 34785000, A write address: 2dd, B  read address: b8
blk_mem_gen_v7_3 collision detected at time: 34795000, A write address: 2e5, B  read address: ba
blk_mem_gen_v7_3 collision detected at time: 34805000, A write address: 2ed, B  read address: bc
blk_mem_gen_v7_3 collision detected at time: 34815000, A write address: 2f5, B  read address: be
blk_mem_gen_v7_3 collision detected at time: 34825000, A write address: 2fd, B  read address: c0
blk_mem_gen_v7_3 collision detected at time: 34835000, A write address: 305, B  read address: c2
blk_mem_gen_v7_3 collision detected at time: 34845000, A write address: 30d, B  read address: c4
blk_mem_gen_v7_3 collision detected at time: 34855000, A write address: 315, B  read address: c6
blk_mem_gen_v7_3 collision detected at time: 34865000, A write address: 31d, B  read address: c8
blk_mem_gen_v7_3 collision detected at time: 34875000, A write address: 325, B  read address: ca
blk_mem_gen_v7_3 collision detected at time: 34885000, A write address: 32d, B  read address: cc
blk_mem_gen_v7_3 collision detected at time: 34895000, A write address: 335, B  read address: ce
blk_mem_gen_v7_3 collision detected at time: 34905000, A write address: 33d, B  read address: d0
blk_mem_gen_v7_3 collision detected at time: 34915000, A write address: 345, B  read address: d2
blk_mem_gen_v7_3 collision detected at time: 34925000, A write address: 34d, B  read address: d4
blk_mem_gen_v7_3 collision detected at time: 34935000, A write address: 355, B  read address: d6
blk_mem_gen_v7_3 collision detected at time: 34945000, A write address: 35d, B  read address: d8
blk_mem_gen_v7_3 collision detected at time: 34955000, A write address: 365, B  read address: da
blk_mem_gen_v7_3 collision detected at time: 34965000, A write address: 36d, B  read address: dc
blk_mem_gen_v7_3 collision detected at time: 34975000, A write address: 375, B  read address: de
blk_mem_gen_v7_3 collision detected at time: 34985000, A write address: 37d, B  read address: e0
blk_mem_gen_v7_3 collision detected at time: 34995000, A write address: 385, B  read address: e2
# run 1.00us
blk_mem_gen_v7_3 collision detected at time: 35005000, A write address: 38d, B  read address: e4
blk_mem_gen_v7_3 collision detected at time: 35015000, A write address: 395, B  read address: e6
blk_mem_gen_v7_3 collision detected at time: 35025000, A write address: 39d, B  read address: e8
blk_mem_gen_v7_3 collision detected at time: 35035000, A write address: 3a5, B  read address: ea
blk_mem_gen_v7_3 collision detected at time: 35045000, A write address: 3ad, B  read address: ec
blk_mem_gen_v7_3 collision detected at time: 35055000, A write address: 3b5, B  read address: ee
blk_mem_gen_v7_3 collision detected at time: 35065000, A write address: 3bd, B  read address: f0
blk_mem_gen_v7_3 collision detected at time: 35075000, A write address: 3c5, B  read address: f2
blk_mem_gen_v7_3 collision detected at time: 35085000, A write address: 3cd, B  read address: f4
blk_mem_gen_v7_3 collision detected at time: 35095000, A write address: 3d5, B  read address: f6
blk_mem_gen_v7_3 collision detected at time: 35105000, A write address: 3dd, B  read address: f8
blk_mem_gen_v7_3 collision detected at time: 35115000, A write address: 3e5, B  read address: fa
blk_mem_gen_v7_3 collision detected at time: 35125000, A write address: 3ed, B  read address: fc
blk_mem_gen_v7_3 collision detected at time: 35135000, A write address: 3f5, B  read address: fe
blk_mem_gen_v7_3 collision detected at time: 35145000, A write address: 3fd, B  read address: 100
blk_mem_gen_v7_3 collision detected at time: 35155000, A write address: 405, B  read address: 102
blk_mem_gen_v7_3 collision detected at time: 35165000, A write address: 40d, B  read address: 104
blk_mem_gen_v7_3 collision detected at time: 35175000, A write address: 415, B  read address: 106
blk_mem_gen_v7_3 collision detected at time: 35185000, A write address: 41d, B  read address: 108
blk_mem_gen_v7_3 collision detected at time: 35195000, A write address: 425, B  read address: 10a
blk_mem_gen_v7_3 collision detected at time: 35205000, A write address: 42d, B  read address: 10c
blk_mem_gen_v7_3 collision detected at time: 35215000, A write address: 435, B  read address: 10e
blk_mem_gen_v7_3 collision detected at time: 35225000, A write address: 43d, B  read address: 110
blk_mem_gen_v7_3 collision detected at time: 35235000, A write address: 445, B  read address: 112
blk_mem_gen_v7_3 collision detected at time: 35245000, A write address: 44d, B  read address: 114
blk_mem_gen_v7_3 collision detected at time: 35255000, A write address: 455, B  read address: 116
blk_mem_gen_v7_3 collision detected at time: 35265000, A write address: 45d, B  read address: 118
blk_mem_gen_v7_3 collision detected at time: 35275000, A write address: 465, B  read address: 11a
blk_mem_gen_v7_3 collision detected at time: 35285000, A write address: 46d, B  read address: 11c
blk_mem_gen_v7_3 collision detected at time: 35295000, A write address: 475, B  read address: 11e
blk_mem_gen_v7_3 collision detected at time: 35305000, A write address: 47d, B  read address: 120
blk_mem_gen_v7_3 collision detected at time: 35315000, A write address: 485, B  read address: 122
blk_mem_gen_v7_3 collision detected at time: 35325000, A write address: 48d, B  read address: 124
blk_mem_gen_v7_3 collision detected at time: 35335000, A write address: 495, B  read address: 126
blk_mem_gen_v7_3 collision detected at time: 35345000, A write address: 49d, B  read address: 128
blk_mem_gen_v7_3 collision detected at time: 35355000, A write address: 4a5, B  read address: 12a
blk_mem_gen_v7_3 collision detected at time: 35365000, A write address: 4ad, B  read address: 12c
blk_mem_gen_v7_3 collision detected at time: 35375000, A write address: 4b5, B  read address: 12e
blk_mem_gen_v7_3 collision detected at time: 35385000, A write address: 4bd, B  read address: 130
blk_mem_gen_v7_3 collision detected at time: 35395000, A write address: 4c5, B  read address: 132
blk_mem_gen_v7_3 collision detected at time: 35405000, A write address: 4cd, B  read address: 134
blk_mem_gen_v7_3 collision detected at time: 35415000, A write address: 4d5, B  read address: 136
blk_mem_gen_v7_3 collision detected at time: 35425000, A write address: 4dd, B  read address: 138
blk_mem_gen_v7_3 collision detected at time: 35435000, A write address: 4e5, B  read address: 13a
blk_mem_gen_v7_3 collision detected at time: 35445000, A write address: 4ed, B  read address: 13c
blk_mem_gen_v7_3 collision detected at time: 35455000, A write address: 4f5, B  read address: 13e
blk_mem_gen_v7_3 collision detected at time: 35465000, A write address: 4fd, B  read address: 140
blk_mem_gen_v7_3 collision detected at time: 35475000, A write address: 505, B  read address: 142
blk_mem_gen_v7_3 collision detected at time: 35485000, A write address: 50d, B  read address: 144
blk_mem_gen_v7_3 collision detected at time: 35495000, A write address: 515, B  read address: 146
blk_mem_gen_v7_3 collision detected at time: 35505000, A write address: 51d, B  read address: 148
blk_mem_gen_v7_3 collision detected at time: 35515000, A write address: 525, B  read address: 14a
blk_mem_gen_v7_3 collision detected at time: 35525000, A write address: 52d, B  read address: 14c
blk_mem_gen_v7_3 collision detected at time: 35535000, A write address: 535, B  read address: 14e
blk_mem_gen_v7_3 collision detected at time: 35545000, A write address: 53d, B  read address: 150
blk_mem_gen_v7_3 collision detected at time: 35555000, A write address: 545, B  read address: 152
blk_mem_gen_v7_3 collision detected at time: 35565000, A write address: 54d, B  read address: 154
blk_mem_gen_v7_3 collision detected at time: 35575000, A write address: 555, B  read address: 156
blk_mem_gen_v7_3 collision detected at time: 35585000, A write address: 55d, B  read address: 158
blk_mem_gen_v7_3 collision detected at time: 35595000, A write address: 565, B  read address: 15a
blk_mem_gen_v7_3 collision detected at time: 35605000, A write address: 56d, B  read address: 15c
blk_mem_gen_v7_3 collision detected at time: 35615000, A write address: 575, B  read address: 15e
blk_mem_gen_v7_3 collision detected at time: 35625000, A write address: 57d, B  read address: 160
blk_mem_gen_v7_3 collision detected at time: 35635000, A write address: 585, B  read address: 162
blk_mem_gen_v7_3 collision detected at time: 35645000, A write address: 58d, B  read address: 164
blk_mem_gen_v7_3 collision detected at time: 35655000, A write address: 595, B  read address: 166
blk_mem_gen_v7_3 collision detected at time: 35665000, A write address: 59d, B  read address: 168
blk_mem_gen_v7_3 collision detected at time: 35675000, A write address: 5a5, B  read address: 16a
blk_mem_gen_v7_3 collision detected at time: 35685000, A write address: 5ad, B  read address: 16c
blk_mem_gen_v7_3 collision detected at time: 35695000, A write address: 5b5, B  read address: 16e
blk_mem_gen_v7_3 collision detected at time: 35705000, A write address: 5bd, B  read address: 170
blk_mem_gen_v7_3 collision detected at time: 35715000, A write address: 5c5, B  read address: 172
blk_mem_gen_v7_3 collision detected at time: 35725000, A write address: 5cd, B  read address: 174
blk_mem_gen_v7_3 collision detected at time: 35735000, A write address: 5d5, B  read address: 176
blk_mem_gen_v7_3 collision detected at time: 35745000, A write address: 5dd, B  read address: 178
blk_mem_gen_v7_3 collision detected at time: 35755000, A write address: 5e5, B  read address: 17a
blk_mem_gen_v7_3 collision detected at time: 35765000, A write address: 5ed, B  read address: 17c
blk_mem_gen_v7_3 collision detected at time: 35775000, A write address: 5f5, B  read address: 17e
blk_mem_gen_v7_3 collision detected at time: 35785000, A write address: 5fd, B  read address: 180
blk_mem_gen_v7_3 collision detected at time: 35795000, A write address: 605, B  read address: 182
blk_mem_gen_v7_3 collision detected at time: 35805000, A write address: 60d, B  read address: 184
blk_mem_gen_v7_3 collision detected at time: 35815000, A write address: 615, B  read address: 186
blk_mem_gen_v7_3 collision detected at time: 35825000, A write address: 61d, B  read address: 188
blk_mem_gen_v7_3 collision detected at time: 35835000, A write address: 625, B  read address: 18a
blk_mem_gen_v7_3 collision detected at time: 35845000, A write address: 62d, B  read address: 18c
blk_mem_gen_v7_3 collision detected at time: 35855000, A write address: 635, B  read address: 18e
blk_mem_gen_v7_3 collision detected at time: 35865000, A write address: 63d, B  read address: 190
blk_mem_gen_v7_3 collision detected at time: 35875000, A write address: 645, B  read address: 192
blk_mem_gen_v7_3 collision detected at time: 35885000, A write address: 64d, B  read address: 194
blk_mem_gen_v7_3 collision detected at time: 35895000, A write address: 655, B  read address: 196
blk_mem_gen_v7_3 collision detected at time: 35905000, A write address: 65d, B  read address: 198
blk_mem_gen_v7_3 collision detected at time: 35915000, A write address: 665, B  read address: 19a
blk_mem_gen_v7_3 collision detected at time: 35925000, A write address: 66d, B  read address: 19c
blk_mem_gen_v7_3 collision detected at time: 35935000, A write address: 675, B  read address: 19e
blk_mem_gen_v7_3 collision detected at time: 35945000, A write address: 67d, B  read address: 1a0
blk_mem_gen_v7_3 collision detected at time: 35955000, A write address: 685, B  read address: 1a2
blk_mem_gen_v7_3 collision detected at time: 35965000, A write address: 68d, B  read address: 1a4
blk_mem_gen_v7_3 collision detected at time: 35975000, A write address: 695, B  read address: 1a6
blk_mem_gen_v7_3 collision detected at time: 35985000, A write address: 69d, B  read address: 1a8
blk_mem_gen_v7_3 collision detected at time: 35995000, A write address: 6a5, B  read address: 1aa
